[dotenv@17.3.1] injecting env (24) from .env.local -- tip: 🛠️  run anywhere with `dotenvx run -- yourcommand`
---- STARTING MEDICAL AI DAILY VIDEO MODULE ----
🗞️ Today's Highlight: Is Tempus AI’s (TEM) Oncology Data Push Quietly Redefining Its Long-Term Moat? - simplywall.st
🎙️ Generating Voiceover via ElevenLabs (Sarah Model)...
🎥 Generating Video via AIMLAPI (Minimax/Video)...
Video Gen Failed, falling back to DALL-E 3 image via AIMLAPI (Zoom Effect).
🎵 Generating Ambient Background Music via AIMLAPI (Suno)...
Music Gen Failed:  Request failed with status code 404
🎞️ Mixing AI Content (Video/Image + Voice + Music) via FFmpeg...
ffmpeg version 8.1 Copyright (c) 2000-2026 the FFmpeg developers
  built with Apple clang version 16.0.0 (clang-1600.0.26.6)
  configuration: --prefix=/usr/local/Cellar/ffmpeg/8.1 --enable-shared --enable-pthreads --enable-version3 --cc=clang --host-cflags= --host-ldflags= --enable-ffplay --enable-gpl --enable-libsvtav1 --enable-libopus --enable-libx264 --enable-libmp3lame --enable-libdav1d --enable-libvpx --enable-libx265 --enable-openssl --enable-videotoolbox --enable-audiotoolbox
  libavutil      60. 26.100 / 60. 26.100
  libavcodec     62. 28.100 / 62. 28.100
  libavformat    62. 12.100 / 62. 12.100
  libavdevice    62.  3.100 / 62.  3.100
  libavfilter    11. 14.100 / 11. 14.100
  libswscale      9.  5.100 /  9.  5.100
  libswresample   6.  3.100 /  6.  3.100
[in#0 @ 0x7fd4cd907a80] Error opening input: No such file or directory
Error opening input file /Users/pear/Documents/AntiGravity/Ai.
Error opening input files: No such file or directory
❌ Fatal Error in Medical Video Generator:  Command failed: ffmpeg -loop 1 -i /Users/pear/Documents/AntiGravity/Ai news/AI_Deal_Hunter/web-dashboard/temp_visual.jpg -i /Users/pear/Documents/AntiGravity/Ai news/AI_Deal_Hunter/web-dashboard/temp_voice.mp3 -c:v libx264 -tune stillimage -b:a 192k -pix_fmt yuv420p -shortest -vf "scale=1080:1920:force_original_aspect_ratio=increase,crop=1080:1920,zoompan=z='min(zoom+0.0015,1.5)':d=700:x='iw/2-(iw/zoom/2)':y='ih/2-(ih/zoom/2)'" -map 1:a:0 -c:a aac -y /Users/pear/Documents/AntiGravity/Ai news/AI_Deal_Hunter/web-dashboard/final_medical_news.mp4
ffmpeg version 8.1 Copyright (c) 2000-2026 the FFmpeg developers
  built with Apple clang version 16.0.0 (clang-1600.0.26.6)
  configuration: --prefix=/usr/local/Cellar/ffmpeg/8.1 --enable-shared --enable-pthreads --enable-version3 --cc=clang --host-cflags= --host-ldflags= --enable-ffplay --enable-gpl --enable-libsvtav1 --enable-libopus --enable-libx264 --enable-libmp3lame --enable-libdav1d --enable-libvpx --enable-libx265 --enable-openssl --enable-videotoolbox --enable-audiotoolbox
  libavutil      60. 26.100 / 60. 26.100
  libavcodec     62. 28.100 / 62. 28.100
  libavformat    62. 12.100 / 62. 12.100
  libavdevice    62.  3.100 / 62.  3.100
  libavfilter    11. 14.100 / 11. 14.100
  libswscale      9.  5.100 /  9.  5.100
  libswresample   6.  3.100 /  6.  3.100
[in#0 @ 0x7fd4cd907a80] Error opening input: No such file or directory
Error opening input file /Users/pear/Documents/AntiGravity/Ai.
Error opening input files: No such file or directory

